<?xml version="1.0" encoding="UTF-8"?>
<!-- Generated by org.testng.reporters.JUnitReportReporter -->
<testsuite hostname="LAPTOP-SELGG101" failures="0" tests="4" name="tests.AdminTest" time="11.798" errors="0" timestamp="2024-12-29T20:20:05 IST" skipped="0">
  <testcase classname="tests.AdminTest" name="testLeftMenuOptionsCountAndClickAdmin" time="2.935"/>
  <system-out/>
  <testcase classname="tests.AdminTest" name="testSearchByUserStatus" time="3.223"/>
  <system-out/>
  <testcase classname="tests.AdminTest" name="testSearchByUserName" time="2.821"/>
  <system-out/>
  <testcase classname="tests.AdminTest" name="testSearchByUserRole" time="2.819"/>
  <system-out/>
</testsuite> <!-- tests.AdminTest -->
