<?xml version="1.0" encoding="UTF-8"?>
<!-- Generated by org.testng.reporters.JUnitReportReporter -->
<testsuite hostname="LAPTOP-SELGG101" failures="0" tests="2" name="tests.LoginTest" time="2.223" errors="0" timestamp="2024-12-29T20:20:05 IST" skipped="0">
  <testcase classname="tests.LoginTest" name="testValidLogin" time="1.559"/>
  <system-out/>
  <testcase classname="tests.LoginTest" name="testSecondScenario" time="0.664"/>
  <system-out/>
</testsuite> <!-- tests.LoginTest -->
